PCAD Importer Log
Project : 282834-4.LibPkg

Section : C:\Users\Ryan\Desktop\282834-4.lia
    Section : PCB Library - 282834-4.PcbLib
        Section : Load Messages
            Warning - 1 : Skipping Token 282834-4 On Line 157
            Warning - 1 : Skipping Token attachedSymbol On Line 229
        EndSection

        Section : Import Messages
        EndSection
    EndSection

    Section : SCH Library - 282834-4.SchLib
        Section : Parsing Messages
            Warning - 1 : Skipping Token padStyleDef On Line 9
            Warning - 1 : Skipping Token padStyleDef On Line 21
            Warning - 1 : Skipping Token multiLayer On Line 96
            Warning - 1 : Skipping Token layerContents On Line 102
            Warning - 1 : Skipping Token layerContents On Line 109
            Warning - 1 : Skipping Token layerContents On Line 115
            Warning - 1 : Skipping Token layerContents On Line 135
        EndSection

        Section : Generating SCH Library - 282834-4.SchLib
        EndSection
    EndSection
EndSection
